{"logTime": "0618/102302", "correlationVector":"JCnAfhgkSkNa89lldePjy9.0","action":"FeedSettingFetch_homeCloud", "result":"0", "context":{}}
{"logTime": "0618/102303", "correlationVector":"yjF3S7kzGWJMXUoboBc+xJ.1","action":"SyncServerConnectionManagerRequest", "result":"SYNC_SERVER_OK", "context":{"environment":"Prod_SoutheastAsia_000j", "migrationStage":"NotStarted", "server":"GENERAL0100000G"}}
{"logTime": "0618/102304", "correlationVector":"yjF3S7kzGWJMXUoboBc+xJ.2","action":"AAD.Mip.Unpack", "result":"Success", "context":MIP_CLOUD_COMMERCIAL:Success}
{"logTime": "0618/102304", "correlationVector":"yjF3S7kzGWJMXUoboBc+xJ.3","action":"AAD.GetKeyResponse", "result":"Success", "context":Keys=1.LastKeyStatus=Normal. 2023-06-15 15:48:18 +06.State=None. Tags: Current_encryption_keys_tag = Ru+/vQnvv73vv70G77+977+977+9Hmxv07Zo77+977+9XGFFYQXvv73vv71i77+977+9X++/vUbvv73vv70=, Updated_current_encryption_keys_tag = Empty}
{"logTime": "0618/102304", "correlationVector":"yjF3S7kzGWJMXUoboBc+xJ","action":"Initial GetUpdates", "result":"", "context":Reason: NEW_CLIENT. cV=yjF3S7kzGWJMXUoboBc+xJ}
{"logTime": "0618/102304", "correlationVector":"yjF3S7kzGWJMXUoboBc+xJ.4","action":"GetUpdates Response", "result":"SYNCER_OK", "context":Received 1 update(s). cV=yjF3S7kzGWJMXUoboBc+xJ.0;server=GENERAL0100000G;cloudType=Multitenant;environment=Prod_SoutheastAsia_000j;migrationStage=NotStarted}
{"logTime": "0618/102304", "correlationVector":"k3WRHzu9mKEjHNuqVzTUEE","action":"Initial GetUpdates", "result":"", "context":Reason: NEW_CLIENT. cV=k3WRHzu9mKEjHNuqVzTUEE}
{"logTime": "0618/102304", "correlationVector":"k3WRHzu9mKEjHNuqVzTUEE.1","action":"SyncServerConnectionManagerRequest", "result":"SYNC_SERVER_OK", "context":{"environment":"Prod_SoutheastAsia_000j", "migrationStage":"NotStarted", "server":"GENERAL01000008"}}
{"logTime": "0618/102304", "correlationVector":"k3WRHzu9mKEjHNuqVzTUEE.2","action":"GetUpdates Response", "result":"SYNCER_OK", "context":Received 2 update(s). cV=k3WRHzu9mKEjHNuqVzTUEE.0;server=GENERAL01000008;cloudType=Multitenant;environment=Prod_SoutheastAsia_000j;migrationStage=NotStarted}
{"logTime": "0618/102304", "correlationVector":"fSNSOXJIT8RfOmM9icer5h","action":"Normal GetUpdate request", "result":"", "context":cV=fSNSOXJIT8RfOmM9icer5h
Nudged types: Device Info, User Consents
Refresh requested types: Device Info, User Consents, Send Tab To Self, Encryption Keys}
{"logTime": "0618/102305", "correlationVector":"fSNSOXJIT8RfOmM9icer5h.1","action":"SyncServerConnectionManagerRequest", "result":"SYNC_SERVER_OK", "context":{"environment":"Prod_SoutheastAsia_000j", "migrationStage":"NotStarted", "server":"general0100001G"}}
{"logTime": "0618/102305", "correlationVector":"fSNSOXJIT8RfOmM9icer5h.2","action":"GetUpdates Response", "result":"SYNCER_OK", "context":Received 0 update(s). cV=fSNSOXJIT8RfOmM9icer5h.0;server=general0100001G;cloudType=Multitenant;environment=Prod_SoutheastAsia_000j;migrationStage=NotStarted}
{"logTime": "0618/102305", "correlationVector":"WXJ+vhQ+MRPVplCIeP2eX3","action":"Commit Request", "result":"", "context":Item count: 1
Contributing types: Device Info}
{"logTime": "0618/102305", "correlationVector":"WXJ+vhQ+MRPVplCIeP2eX3.1","action":"SyncServerConnectionManagerRequest", "result":"SYNC_SERVER_OK", "context":{"environment":"Prod_SoutheastAsia_000j", "migrationStage":"NotStarted", "server":"GENERAL0100001E"}}
{"logTime": "0618/102305", "correlationVector":"WXJ+vhQ+MRPVplCIeP2eX3.2","action":"Commit Response", "result":"SYNCER_OK", "context":Result: SYNCER_OK. cV=WXJ+vhQ+MRPVplCIeP2eX3.0;server=GENERAL0100001E;cloudType=Multitenant;environment=Prod_SoutheastAsia_000j;migrationStage=NotStarted}
{"logTime": "0618/102305", "correlationVector":"ltt9uMdjIoTM4lMidBw++0","action":"Commit Request", "result":"", "context":Item count: 2
Contributing types: User Consents}
{"logTime": "0618/102305", "correlationVector":"ltt9uMdjIoTM4lMidBw++0.1","action":"SyncServerConnectionManagerRequest", "result":"SYNC_SERVER_OK", "context":{"environment":"Prod_SoutheastAsia_000j", "migrationStage":"NotStarted", "server":"GENERAL01000006"}}
{"logTime": "0618/102305", "correlationVector":"ltt9uMdjIoTM4lMidBw++0.2","action":"Commit Response", "result":"SYNCER_OK", "context":Result: SYNCER_OK. cV=ltt9uMdjIoTM4lMidBw++0.0;server=GENERAL01000006;cloudType=Multitenant;environment=Prod_SoutheastAsia_000j;migrationStage=NotStarted}
{"logTime": "0618/114350", "correlationVector":"hFbwNR7EhHOr0vj504t0WE.0","action":"FeedSettingFetch_homeCloud", "result":"0", "context":{}}
{"logTime": "0618/114350", "correlationVector":"7cX149/2PppYPZiELdHpV9.1","action":"SyncServerConnectionManagerRequest", "result":"SYNC_SERVER_OK", "context":{"environment":"Prod_SoutheastAsia_000j", "migrationStage":"NotStarted", "server":"GENERAL01000014"}}
{"logTime": "0618/114351", "correlationVector":"7cX149/2PppYPZiELdHpV9.2","action":"AAD.Mip.Unpack", "result":"Success", "context":MIP_CLOUD_COMMERCIAL:Success}
{"logTime": "0618/114351", "correlationVector":"7cX149/2PppYPZiELdHpV9.3","action":"AAD.GetKeyResponse", "result":"Success", "context":Keys=1.LastKeyStatus=Normal. 2023-06-15 15:48:18 +06.State=None. Tags: Current_encryption_keys_tag = Ru+/vQnvv73vv70G77+977+977+9Hmxv07Zo77+977+9XGFFYQXvv73vv71i77+977+9X++/vUbvv73vv70=, Updated_current_encryption_keys_tag = Empty}
{"logTime": "0618/114351", "correlationVector":"7cX149/2PppYPZiELdHpV9","action":"Initial GetUpdates", "result":"", "context":Reason: NEW_CLIENT. cV=7cX149/2PppYPZiELdHpV9}
{"logTime": "0618/114351", "correlationVector":"7cX149/2PppYPZiELdHpV9.4","action":"GetUpdates Response", "result":"SYNCER_OK", "context":Received 1 update(s). cV=7cX149/2PppYPZiELdHpV9.0;server=GENERAL01000014;cloudType=Multitenant;environment=Prod_SoutheastAsia_000j;migrationStage=NotStarted}
{"logTime": "0618/114351", "correlationVector":"SibhwMCEGvNgwA5y1iIbVf","action":"Normal GetUpdate request", "result":"", "context":cV=SibhwMCEGvNgwA5y1iIbVf
Nudged types: User Consents
Refresh requested types: Device Info, User Consents, Send Tab To Self, Encryption Keys}
{"logTime": "0618/114351", "correlationVector":"SibhwMCEGvNgwA5y1iIbVf.1","action":"SyncServerConnectionManagerRequest", "result":"SYNC_SERVER_OK", "context":{"environment":"Prod_SoutheastAsia_000j", "migrationStage":"NotStarted", "server":"GENERAL0100001B"}}
{"logTime": "0618/114351", "correlationVector":"SibhwMCEGvNgwA5y1iIbVf.2","action":"GetUpdates Response", "result":"SYNCER_OK", "context":Received 1 update(s). cV=SibhwMCEGvNgwA5y1iIbVf.0;server=GENERAL0100001B;cloudType=Multitenant;environment=Prod_SoutheastAsia_000j;migrationStage=NotStarted}
{"logTime": "0618/114351", "correlationVector":"j+aq12x2CTZVv7SL8pACXq","action":"Commit Request", "result":"", "context":Item count: 1
Contributing types: User Consents}
{"logTime": "0618/114351", "correlationVector":"j+aq12x2CTZVv7SL8pACXq.1","action":"SyncServerConnectionManagerRequest", "result":"SYNC_SERVER_OK", "context":{"environment":"Prod_SoutheastAsia_000j", "migrationStage":"NotStarted", "server":"GENERAL0100000T"}}
{"logTime": "0618/114351", "correlationVector":"j+aq12x2CTZVv7SL8pACXq.2","action":"Commit Response", "result":"SYNCER_OK", "context":Result: SYNCER_OK. cV=j+aq12x2CTZVv7SL8pACXq.0;server=GENERAL0100000T;cloudType=Multitenant;environment=Prod_SoutheastAsia_000j;migrationStage=NotStarted}
{"logTime": "0618/114351", "correlationVector":"tb3gM5BrYnhRjzYzce7VL+","action":"Initial GetUpdates", "result":"", "context":Reason: RECONFIGURATION. cV=tb3gM5BrYnhRjzYzce7VL+}
{"logTime": "0618/114351", "correlationVector":"tb3gM5BrYnhRjzYzce7VL+.1","action":"SyncServerConnectionManagerRequest", "result":"SYNC_SERVER_OK", "context":{"environment":"Prod_SoutheastAsia_000j", "migrationStage":"NotStarted", "server":"GENERAL01000000"}}
{"logTime": "0618/114351", "correlationVector":"tb3gM5BrYnhRjzYzce7VL+.2","action":"GetUpdates Response", "result":"SYNCER_OK", "context":Received 24 update(s). cV=tb3gM5BrYnhRjzYzce7VL+.0;server=GENERAL01000000;cloudType=Multitenant;environment=Prod_SoutheastAsia_000j;migrationStage=NotStarted}
{"logTime": "0618/114351", "correlationVector":"1h39Tj+AhhCzAfweXZXoEP","action":"Initial GetUpdates", "result":"", "context":Reason: RECONFIGURATION. cV=1h39Tj+AhhCzAfweXZXoEP}
{"logTime": "0618/114352", "correlationVector":"1h39Tj+AhhCzAfweXZXoEP.1","action":"SyncServerConnectionManagerRequest", "result":"SYNC_SERVER_OK", "context":{"environment":"Prod_SoutheastAsia_000j", "migrationStage":"NotStarted", "server":"GENERAL0100001H"}}
{"logTime": "0618/114352", "correlationVector":"1h39Tj+AhhCzAfweXZXoEP.2","action":"GetUpdates", "result":"DeleteReceived", "context":{"id":"a6ad1752-5b56-4197-a585-ea77cbc65241", "isDeleted:":"true", "version":"1687068536577"}}
{"logTime": "0618/114352", "correlationVector":"1h39Tj+AhhCzAfweXZXoEP.3","action":"GetUpdates Response", "result":"SYNCER_OK", "context":Received 19 update(s). cV=1h39Tj+AhhCzAfweXZXoEP.0;server=GENERAL0100001H;cloudType=Multitenant;environment=Prod_SoutheastAsia_000j;migrationStage=NotStarted}
{"logTime": "0618/114352", "correlationVector":"elzw+AhaY4tDr3VuPNS3RR","action":"Initial GetUpdates", "result":"", "context":Reason: RECONFIGURATION. cV=elzw+AhaY4tDr3VuPNS3RR}
{"logTime": "0618/114352", "correlationVector":"elzw+AhaY4tDr3VuPNS3RR.1","action":"SyncServerConnectionManagerRequest", "result":"SYNC_SERVER_OK", "context":{"environment":"Prod_SoutheastAsia_000j", "migrationStage":"NotStarted", "server":"general0100001F"}}
{"logTime": "0618/114352", "correlationVector":"elzw+AhaY4tDr3VuPNS3RR.2","action":"GetUpdates", "result":"DeleteReceived", "context":{"id":"f4cedf85-5304-4dda-843d-2214d51eb47c", "isDeleted:":"true", "version":"1686826171704"}}
{"logTime": "0618/114352", "correlationVector":"elzw+AhaY4tDr3VuPNS3RR.3","action":"GetUpdates", "result":"DeleteReceived", "context":{"id":"fb0c967a-db44-4c3e-920d-8c7724885566", "isDeleted:":"true", "version":"1687056509106"}}
{"logTime": "0618/114352", "correlationVector":"elzw+AhaY4tDr3VuPNS3RR.4","action":"GetUpdates", "result":"DeleteReceived", "context":{"id":"448eeb49-96d8-4633-b4c7-01cd8c79bc8a", "isDeleted:":"true", "version":"1687056509107"}}
{"logTime": "0618/114352", "correlationVector":"elzw+AhaY4tDr3VuPNS3RR.5","action":"GetUpdates", "result":"DeleteReceived", "context":{"id":"55867f69-c530-494a-a513-c404975e755b", "isDeleted:":"true", "version":"1687056509108"}}
{"logTime": "0618/114352", "correlationVector":"elzw+AhaY4tDr3VuPNS3RR.6","action":"GetUpdates", "result":"DeleteReceived", "context":{"id":"865edded-3378-4f8b-a5b6-1c4db7a44050", "isDeleted:":"true", "version":"1687068868151"}}
{"logTime": "0618/114352", "correlationVector":"elzw+AhaY4tDr3VuPNS3RR.7","action":"GetUpdates", "result":"DeleteReceived", "context":{"id":"cd9f6a1b-264d-4bc7-9a9f-1100f85c7bc9", "isDeleted:":"true", "version":"1687068868153"}}
{"logTime": "0618/114352", "correlationVector":"elzw+AhaY4tDr3VuPNS3RR.8","action":"GetUpdates", "result":"DeleteReceived", "context":{"id":"2195fd4f-a868-40f1-a800-d855ae3a5143", "isDeleted:":"true", "version":"1687069241000"}}
{"logTime": "0618/114352", "correlationVector":"elzw+AhaY4tDr3VuPNS3RR.9","action":"GetUpdates", "result":"DeleteReceived", "context":{"id":"fa095abe-c089-4e0b-9055-48728e83e748", "isDeleted:":"true", "version":"1687069241001"}}
{"logTime": "0618/114352", "correlationVector":"elzw+AhaY4tDr3VuPNS3RR.10","action":"GetUpdates", "result":"DeleteReceived", "context":{"id":"2ba8ac66-d8db-4742-8dfd-ea7074380059", "isDeleted:":"true", "version":"1687069241002"}}
{"logTime": "0618/114352", "correlationVector":"elzw+AhaY4tDr3VuPNS3RR.11","action":"GetUpdates", "result":"DeleteReceived", "context":{"id":"fa0c9282-4aee-465c-a6d0-084d60e356f9", "isDeleted:":"true", "version":"1687069277555"}}
{"logTime": "0618/114352", "correlationVector":"elzw+AhaY4tDr3VuPNS3RR.12","action":"GetUpdates", "result":"DeleteReceived", "context":{"id":"e3ff0373-d572-438b-9600-c6e450c3feef", "isDeleted:":"true", "version":"1687069403290"}}
{"logTime": "0618/114352", "correlationVector":"elzw+AhaY4tDr3VuPNS3RR.13","action":"GetUpdates", "result":"DeleteReceived", "context":{"id":"6e93d643-3d97-4c83-b8db-93dee79ce75e", "isDeleted:":"true", "version":"1687069856278"}}
{"logTime": "0618/114352", "correlationVector":"elzw+AhaY4tDr3VuPNS3RR.14","action":"GetUpdates", "result":"DeleteReceived", "context":{"id":"d230c087-1f23-424a-b9eb-ab4647a22ce0", "isDeleted:":"true", "version":"1687069856282"}}
{"logTime": "0618/114352", "correlationVector":"elzw+AhaY4tDr3VuPNS3RR.15","action":"GetUpdates", "result":"DeleteReceived", "context":{"id":"3378b2f8-e9d2-4a23-8e95-a0ddcca6e369", "isDeleted:":"true", "version":"1687069898210"}}
{"logTime": "0618/114352", "correlationVector":"elzw+AhaY4tDr3VuPNS3RR.16","action":"GetUpdates", "result":"DeleteReceived", "context":{"id":"92be0dc3-7a3a-4c4a-a1cb-5d1062346b38", "isDeleted:":"true", "version":"1687069898211"}}
{"logTime": "0618/114352", "correlationVector":"elzw+AhaY4tDr3VuPNS3RR.17","action":"GetUpdates", "result":"DeleteReceived", "context":{"id":"520ee481-37c8-4df6-b4fa-3935af67ad66", "isDeleted:":"true", "version":"1687069898212"}}
{"logTime": "0618/114352", "correlationVector":"elzw+AhaY4tDr3VuPNS3RR.18","action":"GetUpdates", "result":"DeleteReceived", "context":{"id":"1c6844a6-412d-40da-b842-36992bde21e4", "isDeleted:":"true", "version":"1687069898214"}}
{"logTime": "0618/114352", "correlationVector":"elzw+AhaY4tDr3VuPNS3RR.19","action":"GetUpdates", "result":"DeleteReceived", "context":{"id":"7631e6e3-ac70-4f2f-b090-82f452bd37a5", "isDeleted:":"true", "version":"1687070308415"}}
{"logTime": "0618/114352", "correlationVector":"elzw+AhaY4tDr3VuPNS3RR.20","action":"GetUpdates", "result":"DeleteReceived", "context":{"id":"39548205-0a34-43d7-897a-e276016935b1", "isDeleted:":"true", "version":"1687070935081"}}
{"logTime": "0618/114352", "correlationVector":"elzw+AhaY4tDr3VuPNS3RR.21","action":"GetUpdates", "result":"DeleteReceived", "context":{"id":"ebb6c9df-a83c-4bfe-b933-ec5db7276d46", "isDeleted:":"true", "version":"1687070935083"}}
{"logTime": "0618/114352", "correlationVector":"elzw+AhaY4tDr3VuPNS3RR.22","action":"GetUpdates", "result":"DeleteReceived", "context":{"id":"4778f26f-62b6-4d0e-971b-6b839a1d192a", "isDeleted:":"true", "version":"1687071137902"}}
{"logTime": "0618/114352", "correlationVector":"elzw+AhaY4tDr3VuPNS3RR.23","action":"GetUpdates", "result":"DeleteReceived", "context":{"id":"d1b3de96-0adf-4b25-8af3-093a560c7320", "isDeleted:":"true", "version":"1687071137903"}}
{"logTime": "0618/114352", "correlationVector":"elzw+AhaY4tDr3VuPNS3RR.24","action":"GetUpdates", "result":"DeleteReceived", "context":{"id":"d1abaa3e-7b00-4d08-ac57-633601851182", "isDeleted:":"true", "version":"1687071137904"}}
{"logTime": "0618/114352", "correlationVector":"elzw+AhaY4tDr3VuPNS3RR.25","action":"GetUpdates", "result":"DeleteReceived", "context":{"id":"1e566a44-4b7d-44db-936b-f6ed8afa0cc7", "isDeleted:":"true", "version":"1687071254890"}}
{"logTime": "0618/114352", "correlationVector":"elzw+AhaY4tDr3VuPNS3RR.26","action":"GetUpdates", "result":"DeleteReceived", "context":{"id":"19566daf-fde0-42ea-a775-3413fa971c7b", "isDeleted:":"true", "version":"1687071523782"}}
{"logTime": "0618/114352", "correlationVector":"elzw+AhaY4tDr3VuPNS3RR.27","action":"GetUpdates", "result":"DeleteReceived", "context":{"id":"696a2c6f-0b0c-44a6-828f-088f86dab277", "isDeleted:":"true", "version":"1687075444016"}}
{"logTime": "0618/114352", "correlationVector":"elzw+AhaY4tDr3VuPNS3RR.28","action":"GetUpdates", "result":"DeleteReceived", "context":{"id":"6f17da8c-2d3d-464e-b346-351ae4a49ce1", "isDeleted:":"true", "version":"1687075444017"}}
{"logTime": "0618/114352", "correlationVector":"elzw+AhaY4tDr3VuPNS3RR.29","action":"GetUpdates", "result":"DeleteReceived", "context":{"id":"28c46ee0-0296-4166-969b-d67a9cb7646c", "isDeleted:":"true", "version":"1687075444019"}}
{"logTime": "0618/114352", "correlationVector":"elzw+AhaY4tDr3VuPNS3RR.30","action":"GetUpdates", "result":"DeleteReceived", "context":{"id":"44005416-c5de-4c27-8d66-6a7e70da6f5b", "isDeleted:":"true", "version":"1687077176340"}}
{"logTime": "0618/114352", "correlationVector":"elzw+AhaY4tDr3VuPNS3RR.31","action":"GetUpdates", "result":"DeleteReceived", "context":{"id":"a09e1a06-6f73-4736-a8f7-99e7b4584d6d", "isDeleted:":"true", "version":"1687078962873"}}
{"logTime": "0618/114352", "correlationVector":"elzw+AhaY4tDr3VuPNS3RR.32","action":"GetUpdates", "result":"DeleteReceived", "context":{"id":"3cf24f9a-0c33-4dfd-aa22-0b94a62143ad", "isDeleted:":"true", "version":"1687078962874"}}
{"logTime": "0618/114352", "correlationVector":"elzw+AhaY4tDr3VuPNS3RR.33","action":"GetUpdates Response", "result":"SYNCER_OK", "context":Received 52 update(s). cV=elzw+AhaY4tDr3VuPNS3RR.0;server=general0100001F;cloudType=Multitenant;environment=Prod_SoutheastAsia_000j;migrationStage=NotStarted}
{"logTime": "0618/114352", "correlationVector":"Oh5kbE98sZNCHn9j5+ds46","action":"Normal GetUpdate request", "result":"", "context":cV=Oh5kbE98sZNCHn9j5+ds46
Nudged types: Bookmarks, Sessions, Device Info
Refresh requested types: Bookmarks, Preferences, Passwords, Autofill Profiles, Autofill, Autofill Custom Data, Typed URLs, Extensions, Sessions, Extension settings, History Delete Directives, Device Info, User Consents, Send Tab To Self, Web Apps, Collection, Edge E Drop, Encryption Keys}
{"logTime": "0618/114352", "correlationVector":"Oh5kbE98sZNCHn9j5+ds46.1","action":"SyncServerConnectionManagerRequest", "result":"SYNC_SERVER_OK", "context":{"environment":"Prod_SoutheastAsia_000j", "migrationStage":"NotStarted", "server":"GENERAL01000000"}}
{"logTime": "0618/114352", "correlationVector":"Oh5kbE98sZNCHn9j5+ds46.2","action":"GetUpdates Response", "result":"SYNCER_OK", "context":Received 0 update(s). cV=Oh5kbE98sZNCHn9j5+ds46.0;server=GENERAL01000000;cloudType=Multitenant;environment=Prod_SoutheastAsia_000j;migrationStage=NotStarted}
{"logTime": "0618/114352", "correlationVector":"WFW5XaGx8nAQcn5/LHqj3v","action":"Commit Request", "result":"", "context":Item count: 1
Contributing types: Device Info}
{"logTime": "0618/114352", "correlationVector":"WFW5XaGx8nAQcn5/LHqj3v.1","action":"SyncServerConnectionManagerRequest", "result":"SYNC_SERVER_OK", "context":{"environment":"Prod_SoutheastAsia_000j", "migrationStage":"NotStarted", "server":"GENERAL0100000G"}}
{"logTime": "0618/114352", "correlationVector":"WFW5XaGx8nAQcn5/LHqj3v.2","action":"Commit Response", "result":"SYNCER_OK", "context":Result: SYNCER_OK. cV=WFW5XaGx8nAQcn5/LHqj3v.0;server=GENERAL0100000G;cloudType=Multitenant;environment=Prod_SoutheastAsia_000j;migrationStage=NotStarted}
{"logTime": "0618/114352", "correlationVector":"C0/FLagzMYoKvHUSSs/ixA","action":"Commit Request", "result":"", "context":Item count: 4
Contributing types: Bookmarks, Sessions}
{"logTime": "0618/114352", "correlationVector":"C0/FLagzMYoKvHUSSs/ixA.1","action":"SyncServerConnectionManagerRequest", "result":"SYNC_SERVER_OK", "context":{"environment":"Prod_SoutheastAsia_000j", "migrationStage":"NotStarted", "server":"GENERAL01000017"}}
{"logTime": "0618/114352", "correlationVector":"C0/FLagzMYoKvHUSSs/ixA.2","action":"Commit Response", "result":"SYNCER_OK", "context":Result: SYNCER_OK. cV=C0/FLagzMYoKvHUSSs/ixA.0;server=GENERAL01000017;cloudType=Multitenant;environment=Prod_SoutheastAsia_000j;migrationStage=NotStarted}
{"logTime": "0618/115345", "correlationVector":"kKCnfx8OI1fKCD2JqM7jFS.0","action":"FeedSettingFetch_homeCloud", "result":"0", "context":{}}
{"logTime": "0618/115345", "correlationVector":"HcDpEFoC776fgHgJIW+OrJ.1","action":"SyncServerConnectionManagerRequest", "result":"SYNC_SERVER_OK", "context":{"environment":"Prod_SoutheastAsia_000j", "migrationStage":"NotStarted", "server":"general01000011"}}
{"logTime": "0618/115345", "correlationVector":"HcDpEFoC776fgHgJIW+OrJ.2","action":"AAD.Mip.Unpack", "result":"Success", "context":MIP_CLOUD_COMMERCIAL:Success}
{"logTime": "0618/115345", "correlationVector":"HcDpEFoC776fgHgJIW+OrJ.3","action":"AAD.GetKeyResponse", "result":"Success", "context":Keys=1.LastKeyStatus=Normal. 2023-06-15 15:48:18 +06.State=None. Tags: Current_encryption_keys_tag = Ru+/vQnvv73vv70G77+977+977+9Hmxv07Zo77+977+9XGFFYQXvv73vv71i77+977+9X++/vUbvv73vv70=, Updated_current_encryption_keys_tag = Empty}
{"logTime": "0618/115345", "correlationVector":"HcDpEFoC776fgHgJIW+OrJ","action":"Initial GetUpdates", "result":"", "context":Reason: NEW_CLIENT. cV=HcDpEFoC776fgHgJIW+OrJ}
{"logTime": "0618/115345", "correlationVector":"HcDpEFoC776fgHgJIW+OrJ.4","action":"GetUpdates Response", "result":"SYNCER_OK", "context":Received 1 update(s). cV=HcDpEFoC776fgHgJIW+OrJ.0;server=general01000011;cloudType=Multitenant;environment=Prod_SoutheastAsia_000j;migrationStage=NotStarted}
{"logTime": "0618/115345", "correlationVector":"N31epOWKaXB8BuNClE+QYz","action":"Initial GetUpdates", "result":"", "context":Reason: NEWLY_SUPPORTED_DATATYPE. cV=N31epOWKaXB8BuNClE+QYz}
{"logTime": "0618/115345", "correlationVector":"N31epOWKaXB8BuNClE+QYz.1","action":"SyncServerConnectionManagerRequest", "result":"SYNC_SERVER_OK", "context":{"environment":"Prod_SoutheastAsia_000j", "migrationStage":"NotStarted", "server":"general0100001A"}}
{"logTime": "0618/115345", "correlationVector":"N31epOWKaXB8BuNClE+QYz.2","action":"GetUpdates Response", "result":"SYNCER_OK", "context":Received 3 update(s). cV=N31epOWKaXB8BuNClE+QYz.0;server=general0100001A;cloudType=Multitenant;environment=Prod_SoutheastAsia_000j;migrationStage=NotStarted}
{"logTime": "0618/115345", "correlationVector":"A2NhObdmx3qqXv7jk74kxJ","action":"Normal GetUpdate request", "result":"", "context":cV=A2NhObdmx3qqXv7jk74kxJ
Nudged types: Sessions, User Consents
Refresh requested types: Bookmarks, Preferences, Passwords, Autofill Profiles, Autofill, Autofill Custom Data, Typed URLs, Extensions, Sessions, Extension settings, History Delete Directives, Device Info, User Consents, Send Tab To Self, Web Apps, Collection, Edge E Drop, Encryption Keys}
{"logTime": "0618/115345", "correlationVector":"A2NhObdmx3qqXv7jk74kxJ.1","action":"SyncServerConnectionManagerRequest", "result":"SYNC_SERVER_OK", "context":{"environment":"Prod_SoutheastAsia_000j", "migrationStage":"NotStarted", "server":"GENERAL01000003"}}
{"logTime": "0618/115345", "correlationVector":"A2NhObdmx3qqXv7jk74kxJ.2","action":"GetUpdates", "result":"DeleteReceived", "context":{"id":"803568c6-99ba-4240-bc6e-46c20f0ceeed", "isDeleted:":"true", "version":"1687088941596"}}
{"logTime": "0618/115345", "correlationVector":"A2NhObdmx3qqXv7jk74kxJ.3","action":"GetUpdates Response", "result":"SYNCER_OK", "context":Received 6 update(s). cV=A2NhObdmx3qqXv7jk74kxJ.0;server=GENERAL01000003;cloudType=Multitenant;environment=Prod_SoutheastAsia_000j;migrationStage=NotStarted}
{"logTime": "0618/115345", "correlationVector":"stZuzbrQWu+xLkHvgOYsPq","action":"Commit Request", "result":"", "context":Item count: 1
Contributing types: User Consents}
{"logTime": "0618/115345", "correlationVector":"stZuzbrQWu+xLkHvgOYsPq.1","action":"SyncServerConnectionManagerRequest", "result":"SYNC_SERVER_OK", "context":{"environment":"Prod_SoutheastAsia_000j", "migrationStage":"NotStarted", "server":"GENERAL0100000L"}}
{"logTime": "0618/115345", "correlationVector":"stZuzbrQWu+xLkHvgOYsPq.2","action":"Commit Response", "result":"SYNCER_OK", "context":Result: SYNCER_OK. cV=stZuzbrQWu+xLkHvgOYsPq.0;server=GENERAL0100000L;cloudType=Multitenant;environment=Prod_SoutheastAsia_000j;migrationStage=NotStarted}
